#
# A fatal error has been detected by the Java Runtime Environment:
#
#  EXCEPTION_ACCESS_VIOLATION (0xc0000005) at pc=0x7b71304c, pid=10276, tid=0x000008f0
#
# JRE version: Java(TM) SE Runtime Environment (8.0_231-b11) (build 1.8.0_231-b11)
# Java VM: Java HotSpot(TM) Client VM (25.231-b11 mixed mode, sharing windows-x86 )
# Problematic frame:
# V  [jvm.dll+0x5304c]
#
# Failed to write core dump. Minidumps are not enabled by default on client versions of Windows
#
# If you would like to submit a bug report, please visit:
#   http://bugreport.java.com/bugreport/crash.jsp
#

---------------  T H R E A D  ---------------

Current thread (0x024de000):  JavaThread "main" [_thread_in_vm, id=2288, stack(0x02420000,0x02470000)]

siginfo: ExceptionCode=0xc0000005, reading address 0xffffffff

Registers:
EAX=0x00000001, EBX=0x024de000, ECX=0x14ce01d0, EDX=0x024de001
ESP=0x0246e108, EBP=0x0246e108, ESI=0x0246e148, EDI=0x0246eabc
EIP=0x7b71304c, EFLAGS=0x00010297

Top of Stack: (sp=0x0246e108)
0x0246e108:   0246e124 7b70bbbf 0246e148 024de001
0x0246e118:   0246eb48 024de000 1587d0c0 0246e15c
0x0246e128:   7b70be3a 0246e148 00000000 024de001
0x0246e138:   0246eadc 00000001 1587d098 0246e158
0x0246e148:   0000002d 0246ebf0 00000001 7b71658c
0x0246e158:   00000000 0246e1c0 7b70c557 1587d098
0x0246e168:   00000000 00000000 00000003 0000000d
0x0246e178:   0000002d 0246ebf0 024de000 1587d020 

Instructions: (pc=0x7b71304c)
0x7b71302c:   ff ff 83 c4 04 5f 5e 5d c3 cc cc cc cc cc cc cc
0x7b71303c:   cc cc cc cc 55 8b ec 0f b6 45 0c 83 f8 05 77 3e
0x7b71304c:   ff 24 85 a8 30 71 7b 8b 45 08 c7 00 01 01 01 00
0x7b71305c:   5d c3 8b 45 08 c7 00 01 01 02 00 5d c3 8b 45 08 


Register to memory mapping:

EAX=0x00000001 is an unknown value
EBX=0x024de000 is a thread
ECX=0x14ce01d0 is pointing into metadata
EDX=0x024de001 is an unknown value
ESP=0x0246e108 is pointing into the stack for thread: 0x024de000
EBP=0x0246e108 is pointing into the stack for thread: 0x024de000
ESI=0x0246e148 is pointing into the stack for thread: 0x024de000
EDI=0x0246eabc is pointing into the stack for thread: 0x024de000


Stack: [0x02420000,0x02470000],  sp=0x0246e108,  free space=312k
Native frames: (J=compiled Java code, j=interpreted, Vv=VM code, C=native code)
V  [jvm.dll+0x5304c]
V  [jvm.dll+0x4bbbf]
V  [jvm.dll+0x4be3a]
V  [jvm.dll+0x4c557]
V  [jvm.dll+0x599c9]
V  [jvm.dll+0x5c9e9]
V  [jvm.dll+0x5cb24]
V  [jvm.dll+0xb795d]
V  [jvm.dll+0xc0514]
V  [jvm.dll+0xc2104]
V  [jvm.dll+0xc24c8]
V  [jvm.dll+0x86486]
V  [jvm.dll+0x87482]
V  [jvm.dll+0x829b7]
j  com.sun.javafx.tk.quantum.QuantumToolkit.init()Z+1
j  com.sun.javafx.tk.Toolkit.getToolkit()Lcom/sun/javafx/tk/Toolkit;+160
j  com.sun.javafx.application.PlatformImpl.startup(Ljava/lang/Runnable;)V+68
j  com.sun.javafx.application.LauncherImpl.startToolkit()V+35
j  com.sun.javafx.application.LauncherImpl.launchApplicationWithArgs(Ljava/lang/String;Ljava/lang/String;[Ljava/lang/String;)V+0
j  com.sun.javafx.application.LauncherImpl.launchApplication(Ljava/lang/String;Ljava/lang/String;[Ljava/lang/String;)V+409
v  ~StubRoutines::call_stub
V  [jvm.dll+0x15c3d5]
V  [jvm.dll+0x2260ae]
V  [jvm.dll+0x15c46e]
V  [jvm.dll+0x168fa8]
V  [jvm.dll+0x169213]
V  [jvm.dll+0x105023]
C  [java.dll+0x358f]
j  sun.reflect.NativeMethodAccessorImpl.invoke(Ljava/lang/Object;[Ljava/lang/Object;)Ljava/lang/Object;+100
j  sun.reflect.DelegatingMethodAccessorImpl.invoke(Ljava/lang/Object;[Ljava/lang/Object;)Ljava/lang/Object;+6
j  java.lang.reflect.Method.invoke(Ljava/lang/Object;[Ljava/lang/Object;)Ljava/lang/Object;+56
j  sun.launcher.LauncherHelper$FXHelper.main([Ljava/lang/String;)V+52
v  ~StubRoutines::call_stub
V  [jvm.dll+0x15c3d5]
V  [jvm.dll+0x2260ae]
V  [jvm.dll+0x15c46e]
V  [jvm.dll+0xdda67]
V  [jvm.dll+0xe600f]
C  [java.exe+0x2363]
C  [java.exe+0xb03f]
C  [java.exe+0xb0c9]
C  [KERNEL32.DLL+0x16359]
C  [ntdll.dll+0x67b74]
C  [ntdll.dll+0x67b44]
C  0x00000000

Java frames: (J=compiled Java code, j=interpreted, Vv=VM code)
j  com.sun.javafx.tk.quantum.QuantumToolkit.init()Z+1
j  com.sun.javafx.tk.Toolkit.getToolkit()Lcom/sun/javafx/tk/Toolkit;+160
j  com.sun.javafx.application.PlatformImpl.startup(Ljava/lang/Runnable;)V+68
j  com.sun.javafx.application.LauncherImpl.startToolkit()V+35
j  com.sun.javafx.application.LauncherImpl.launchApplicationWithArgs(Ljava/lang/String;Ljava/lang/String;[Ljava/lang/String;)V+0
j  com.sun.javafx.application.LauncherImpl.launchApplication(Ljava/lang/String;Ljava/lang/String;[Ljava/lang/String;)V+409
v  ~StubRoutines::call_stub
j  sun.reflect.NativeMethodAccessorImpl.invoke0(Ljava/lang/reflect/Method;Ljava/lang/Object;[Ljava/lang/Object;)Ljava/lang/Object;+0
j  sun.reflect.NativeMethodAccessorImpl.invoke(Ljava/lang/Object;[Ljava/lang/Object;)Ljava/lang/Object;+100
j  sun.reflect.DelegatingMethodAccessorImpl.invoke(Ljava/lang/Object;[Ljava/lang/Object;)Ljava/lang/Object;+6
j  java.lang.reflect.Method.invoke(Ljava/lang/Object;[Ljava/lang/Object;)Ljava/lang/Object;+56
j  sun.launcher.LauncherHelper$FXHelper.main([Ljava/lang/String;)V+52
v  ~StubRoutines::call_stub

---------------  P R O C E S S  ---------------

Java Threads: ( => current thread )
  0x157cf000 JavaThread "Service Thread" daemon [_thread_blocked, id=7144, stack(0x16020000,0x16070000)]
  0x157c9800 JavaThread "C1 CompilerThread0" daemon [_thread_blocked, id=6416, stack(0x159c0000,0x15a10000)]
  0x15785400 JavaThread "Monitor Ctrl-Break" daemon [_thread_in_native, id=5104, stack(0x15930000,0x15980000)]
  0x02821000 JavaThread "Attach Listener" daemon [_thread_blocked, id=9760, stack(0x156a0000,0x156f0000)]
  0x0281f000 JavaThread "Signal Dispatcher" daemon [_thread_blocked, id=13020, stack(0x15610000,0x15660000)]
  0x02816000 JavaThread "Finalizer" daemon [_thread_blocked, id=13596, stack(0x15480000,0x154d0000)]
  0x027b8000 JavaThread "Reference Handler" daemon [_thread_blocked, id=13716, stack(0x04960000,0x049b0000)]
=>0x024de000 JavaThread "main" [_thread_in_vm, id=2288, stack(0x02420000,0x02470000)]

Other Threads:
  0x027b5400 VMThread [stack: 0x02620000,0x02670000] [id=7500]
  0x1583b000 WatcherThread [stack: 0x160b0000,0x16100000] [id=6444]

VM state:not at safepoint (normal execution)

VM Mutex/Monitor currently owned by a thread: None

Heap:
 def new generation   total 4928K, used 1644K [0x04a00000, 0x04f50000, 0x09f50000)
  eden space 4416K,  25% used [0x04a00000, 0x04b1b248, 0x04e50000)
  from space 512K, 100% used [0x04ed0000, 0x04f50000, 0x04f50000)
  to   space 512K,   0% used [0x04e50000, 0x04e50000, 0x04ed0000)
 tenured generation   total 10944K, used 417K [0x09f50000, 0x0aa00000, 0x14a00000)
   the space 10944K,   3% used [0x09f50000, 0x09fb8770, 0x09fb8800, 0x0aa00000)
 Metaspace       used 681K, capacity 2971K, committed 3008K, reserved 4480K

Card table byte_map: [0x04890000,0x04920000] byte_map_base: 0x0486b000

Polling page: 0x005f0000

CodeCache: size=32768Kb used=842Kb max_used=842Kb free=31925Kb
 bounds [0x02890000, 0x02968000, 0x04890000]
 total_blobs=303 nmethods=128 adapters=106
 compilation: enabled

Compilation events (10 events):
Event: 0.146 Thread 0x157c9800  121             java.lang.Character::toLowerCase (6 bytes)
Event: 0.146 Thread 0x157c9800 nmethod 121 0x0295f0c8 code [0x0295f1d0, 0x0295f278]
Event: 0.147 Thread 0x157c9800  122             java.lang.ref.Reference::<init> (25 bytes)
Event: 0.147 Thread 0x157c9800 nmethod 122 0x0295f848 code [0x0295f940, 0x0295f9f0]
Event: 0.147 Thread 0x157c9800  123             java.lang.Object::equals (11 bytes)
Event: 0.148 Thread 0x157c9800 nmethod 123 0x0295fa48 code [0x0295fb40, 0x0295fbd0]
Event: 0.151 Thread 0x157c9800  125             java.util.HashMap::get (23 bytes)
Event: 0.151 Thread 0x157c9800 nmethod 125 0x029612c8 code [0x029613e0, 0x029614e8]
Event: 0.153 Thread 0x157c9800  126             java.util.concurrent.ConcurrentHashMap::spread (10 bytes)
Event: 0.153 Thread 0x157c9800 nmethod 126 0x02961f08 code [0x02962000, 0x02962080]

GC Heap History (2 events):
Event: 0.139 GC heap before
{Heap before GC invocations=0 (full 0):
 def new generation   total 4928K, used 4380K [0x04a00000, 0x04f50000, 0x09f50000)
  eden space 4416K,  99% used [0x04a00000, 0x04e472f8, 0x04e50000)
  from space 512K,   0% used [0x04e50000, 0x04e50000, 0x04ed0000)
  to   space 512K,   0% used [0x04ed0000, 0x04ed0000, 0x04f50000)
 tenured generation   total 10944K, used 0K [0x09f50000, 0x0aa00000, 0x14a00000)
   the space 10944K,   0% used [0x09f50000, 0x09f50000, 0x09f50200, 0x0aa00000)
 Metaspace       used 390K, capacity 2685K, committed 2752K, reserved 4480K
Event: 0.141 GC heap after
Heap after GC invocations=1 (full 0):
 def new generation   total 4928K, used 512K [0x04a00000, 0x04f50000, 0x09f50000)
  eden space 4416K,   0% used [0x04a00000, 0x04a00000, 0x04e50000)
  from space 512K, 100% used [0x04ed0000, 0x04f50000, 0x04f50000)
  to   space 512K,   0% used [0x04e50000, 0x04e50000, 0x04ed0000)
 tenured generation   total 10944K, used 417K [0x09f50000, 0x0aa00000, 0x14a00000)
   the space 10944K,   3% used [0x09f50000, 0x09fb8770, 0x09fb8800, 0x0aa00000)
 Metaspace       used 390K, capacity 2685K, committed 2752K, reserved 4480K
}

Deoptimization events (0 events):
No events

Classes redefined (0 events):
No events

Internal exceptions (10 events):
Event: 0.059 Thread 0x024de000 Exception <a 'java/security/PrivilegedActionException'> (0x04b3d360) thrown at [C:\re\workspace\8-2-build-windows-i586-cygwin\jdk8u231\13620\hotspot\src\share\vm\prims\jvm.cpp, line 1502]
Event: 0.060 Thread 0x024de000 Exception <a 'java/security/PrivilegedActionException'> (0x04b3ede8) thrown at [C:\re\workspace\8-2-build-windows-i586-cygwin\jdk8u231\13620\hotspot\src\share\vm\prims\jvm.cpp, line 1502]
Event: 0.060 Thread 0x024de000 Exception <a 'java/security/PrivilegedActionException'> (0x04b3efe8) thrown at [C:\re\workspace\8-2-build-windows-i586-cygwin\jdk8u231\13620\hotspot\src\share\vm\prims\jvm.cpp, line 1502]
Event: 0.108 Thread 0x024de000 Exception <a 'java/lang/NoSuchFieldError': method resolution failed> (0x04cbc718) thrown at [C:\re\workspace\8-2-build-windows-i586-cygwin\jdk8u231\13620\hotspot\src\share\vm\prims\methodHandles.cpp, line 1167]
Event: 0.108 Thread 0x024de000 Exception <a 'java/lang/NoSuchFieldError': method resolution failed> (0x04cc9110) thrown at [C:\re\workspace\8-2-build-windows-i586-cygwin\jdk8u231\13620\hotspot\src\share\vm\prims\methodHandles.cpp, line 1167]
Event: 0.118 Thread 0x024de000 Exception <a 'java/security/PrivilegedActionException'> (0x04d4ec30) thrown at [C:\re\workspace\8-2-build-windows-i586-cygwin\jdk8u231\13620\hotspot\src\share\vm\prims\jvm.cpp, line 1502]
Event: 0.118 Thread 0x024de000 Exception <a 'java/security/PrivilegedActionException'> (0x04d4ee30) thrown at [C:\re\workspace\8-2-build-windows-i586-cygwin\jdk8u231\13620\hotspot\src\share\vm\prims\jvm.cpp, line 1502]
Event: 0.118 Thread 0x024de000 Exception <a 'java/security/PrivilegedActionException'> (0x04d52f08) thrown at [C:\re\workspace\8-2-build-windows-i586-cygwin\jdk8u231\13620\hotspot\src\share\vm\prims\jvm.cpp, line 1502]
Event: 0.118 Thread 0x024de000 Exception <a 'java/security/PrivilegedActionException'> (0x04d53108) thrown at [C:\re\workspace\8-2-build-windows-i586-cygwin\jdk8u231\13620\hotspot\src\share\vm\prims\jvm.cpp, line 1502]
Event: 0.118 Thread 0x024de000 Exception <a 'java/lang/NullPointerException'> (0x04d53670) thrown at [C:\re\workspace\8-2-build-windows-i586-cygwin\jdk8u231\13620\hotspot\src\share\vm\interpreter\linkResolver.cpp, line 1185]

Events (10 events):
Event: 0.154 loading class java/util/concurrent/ThreadPoolExecutor
Event: 0.154 loading class java/util/concurrent/AbstractExecutorService
Event: 0.154 loading class java/util/concurrent/ExecutorService
Event: 0.154 loading class java/util/concurrent/Executor
Event: 0.154 loading class java/util/concurrent/Executor done
Event: 0.154 loading class java/util/concurrent/ExecutorService done
Event: 0.154 loading class java/util/concurrent/AbstractExecutorService done
Event: 0.154 loading class java/util/concurrent/ThreadPoolExecutor done
Event: 0.154 loading class java/util/concurrent/ThreadFactory
Event: 0.154 loading class java/util/concurrent/ThreadFactory done


Dynamic libraries:
0x00930000 - 0x00963000 	C:\Program Files (x86)\Java\jdk1.8.0_231\bin\java.exe
0x775a0000 - 0x7773a000 	C:\WINDOWS\SYSTEM32\ntdll.dll
0x75050000 - 0x75130000 	C:\WINDOWS\System32\KERNEL32.DLL
0x77290000 - 0x7748c000 	C:\WINDOWS\System32\KERNELBASE.dll
0x605d0000 - 0x6066f000 	C:\WINDOWS\SYSTEM32\apphelp.dll
0x75df0000 - 0x75e69000 	C:\WINDOWS\System32\ADVAPI32.dll
0x769a0000 - 0x76a5f000 	C:\WINDOWS\System32\msvcrt.dll
0x76a60000 - 0x76ad6000 	C:\WINDOWS\System32\sechost.dll
0x74e70000 - 0x74f2b000 	C:\WINDOWS\System32\RPCRT4.dll
0x74d70000 - 0x74d90000 	C:\WINDOWS\System32\SspiCli.dll
0x74d60000 - 0x74d6a000 	C:\WINDOWS\System32\CRYPTBASE.dll
0x75a40000 - 0x75a9f000 	C:\WINDOWS\System32\bcryptPrimitives.dll
0x75e90000 - 0x76027000 	C:\WINDOWS\System32\USER32.dll
0x75e70000 - 0x75e87000 	C:\WINDOWS\System32\win32u.dll
0x755c0000 - 0x755e1000 	C:\WINDOWS\System32\GDI32.dll
0x751e0000 - 0x7533a000 	C:\WINDOWS\System32\gdi32full.dll
0x74d90000 - 0x74e0c000 	C:\WINDOWS\System32\msvcp_win.dll
0x75340000 - 0x7545f000 	C:\WINDOWS\System32\ucrtbase.dll
0x6a6f0000 - 0x6a8ff000 	C:\WINDOWS\WinSxS\x86_microsoft.windows.common-controls_6595b64144ccf1df_6.0.18362.592_none_2e6de868278ee708\COMCTL32.dll
0x76700000 - 0x76976000 	C:\WINDOWS\System32\combase.dll
0x771b0000 - 0x771d5000 	C:\WINDOWS\System32\IMM32.DLL
0x504b0000 - 0x5056f000 	C:\Program Files (x86)\Java\jdk1.8.0_231\jre\bin\msvcr100.dll
0x7b6c0000 - 0x7ba96000 	C:\Program Files (x86)\Java\jdk1.8.0_231\jre\bin\client\jvm.dll
0x771a0000 - 0x771a6000 	C:\WINDOWS\System32\PSAPI.DLL
0x6bf00000 - 0x6bf24000 	C:\WINDOWS\SYSTEM32\WINMM.dll
0x74c60000 - 0x74c68000 	C:\WINDOWS\SYSTEM32\VERSION.dll
0x6de40000 - 0x6de48000 	C:\WINDOWS\SYSTEM32\WSOCK32.dll
0x76600000 - 0x7665e000 	C:\WINDOWS\System32\WS2_32.dll
0x6bed0000 - 0x6bef3000 	C:\WINDOWS\SYSTEM32\WINMMBASE.dll
0x75180000 - 0x751bb000 	C:\WINDOWS\System32\cfgmgr32.dll
0x664f0000 - 0x664fc000 	C:\Program Files (x86)\Java\jdk1.8.0_231\jre\bin\verify.dll
0x664c0000 - 0x664e1000 	C:\Program Files (x86)\Java\jdk1.8.0_231\jre\bin\java.dll
0x609d0000 - 0x609f0000 	C:\Program Files (x86)\Java\jdk1.8.0_231\jre\bin\instrument.dll
0x664a0000 - 0x664b4000 	C:\Program Files (x86)\Java\jdk1.8.0_231\jre\bin\zip.dll
0x76c20000 - 0x7719a000 	C:\WINDOWS\System32\SHELL32.dll
0x75d20000 - 0x75da4000 	C:\WINDOWS\System32\shcore.dll
0x76030000 - 0x765f5000 	C:\WINDOWS\System32\windows.storage.dll
0x76b70000 - 0x76b87000 	C:\WINDOWS\System32\profapi.dll
0x75130000 - 0x75173000 	C:\WINDOWS\System32\powrprof.dll
0x74e60000 - 0x74e6d000 	C:\WINDOWS\System32\UMPDC.dll
0x74e10000 - 0x74e54000 	C:\WINDOWS\System32\shlwapi.dll
0x76990000 - 0x7699f000 	C:\WINDOWS\System32\kernel.appcore.dll
0x75db0000 - 0x75dc3000 	C:\WINDOWS\System32\cryptsp.dll
0x605b0000 - 0x605c6000 	C:\Program Files\JetBrains\IntelliJ IDEA Community Edition 2019.2.3\bin\breakgen.dll
0x66480000 - 0x66496000 	C:\Program Files (x86)\Java\jdk1.8.0_231\jre\bin\net.dll
0x70330000 - 0x70382000 	C:\WINDOWS\system32\mswsock.dll
0x60cb0000 - 0x60cb3000 	C:\Program Files (x86)\Java\jdk1.8.0_231\jre\bin\api-ms-win-core-console-l1-1-0.dll
0x60b90000 - 0x60b93000 	C:\Program Files (x86)\Java\jdk1.8.0_231\jre\bin\api-ms-win-core-datetime-l1-1-0.dll
0x605a0000 - 0x605a3000 	C:\Program Files (x86)\Java\jdk1.8.0_231\jre\bin\api-ms-win-core-debug-l1-1-0.dll
0x60590000 - 0x60593000 	C:\Program Files (x86)\Java\jdk1.8.0_231\jre\bin\api-ms-win-core-errorhandling-l1-1-0.dll
0x60580000 - 0x60584000 	C:\Program Files (x86)\Java\jdk1.8.0_231\jre\bin\api-ms-win-core-file-l1-1-0.dll
0x60570000 - 0x60573000 	C:\Program Files (x86)\Java\jdk1.8.0_231\jre\bin\api-ms-win-core-file-l1-2-0.dll
0x60560000 - 0x60563000 	C:\Program Files (x86)\Java\jdk1.8.0_231\jre\bin\api-ms-win-core-file-l2-1-0.dll
0x60550000 - 0x60553000 	C:\Program Files (x86)\Java\jdk1.8.0_231\jre\bin\api-ms-win-core-handle-l1-1-0.dll
0x60540000 - 0x60543000 	C:\Program Files (x86)\Java\jdk1.8.0_231\jre\bin\api-ms-win-core-heap-l1-1-0.dll
0x60400000 - 0x60403000 	C:\Program Files (x86)\Java\jdk1.8.0_231\jre\bin\api-ms-win-core-interlocked-l1-1-0.dll
0x5f350000 - 0x5f353000 	C:\Program Files (x86)\Java\jdk1.8.0_231\jre\bin\api-ms-win-core-libraryloader-l1-1-0.dll
0x5f340000 - 0x5f343000 	C:\Program Files (x86)\Java\jdk1.8.0_231\jre\bin\api-ms-win-core-localization-l1-2-0.dll
0x5e8c0000 - 0x5e8c3000 	C:\Program Files (x86)\Java\jdk1.8.0_231\jre\bin\api-ms-win-core-memory-l1-1-0.dll
0x504a0000 - 0x504a3000 	C:\Program Files (x86)\Java\jdk1.8.0_231\jre\bin\api-ms-win-core-namedpipe-l1-1-0.dll
0x50490000 - 0x50493000 	C:\Program Files (x86)\Java\jdk1.8.0_231\jre\bin\api-ms-win-core-processenvironment-l1-1-0.dll
0x50480000 - 0x50483000 	C:\Program Files (x86)\Java\jdk1.8.0_231\jre\bin\api-ms-win-core-processthreads-l1-1-0.dll
0x50470000 - 0x50473000 	C:\Program Files (x86)\Java\jdk1.8.0_231\jre\bin\api-ms-win-core-processthreads-l1-1-1.dll
0x50010000 - 0x50013000 	C:\Program Files (x86)\Java\jdk1.8.0_231\jre\bin\api-ms-win-core-profile-l1-1-0.dll
0x50000000 - 0x50003000 	C:\Program Files (x86)\Java\jdk1.8.0_231\jre\bin\api-ms-win-core-rtlsupport-l1-1-0.dll
0x77c60000 - 0x77c63000 	C:\Program Files (x86)\Java\jdk1.8.0_231\jre\bin\api-ms-win-core-string-l1-1-0.dll
0x77c50000 - 0x77c53000 	C:\Program Files (x86)\Java\jdk1.8.0_231\jre\bin\api-ms-win-core-synch-l1-1-0.dll
0x77c40000 - 0x77c43000 	C:\Program Files (x86)\Java\jdk1.8.0_231\jre\bin\api-ms-win-core-synch-l1-2-0.dll
0x77c30000 - 0x77c33000 	C:\Program Files (x86)\Java\jdk1.8.0_231\jre\bin\api-ms-win-core-sysinfo-l1-1-0.dll
0x77c20000 - 0x77c23000 	C:\Program Files (x86)\Java\jdk1.8.0_231\jre\bin\api-ms-win-core-timezone-l1-1-0.dll
0x77c10000 - 0x77c13000 	C:\Program Files (x86)\Java\jdk1.8.0_231\jre\bin\api-ms-win-core-util-l1-1-0.dll
0x77c00000 - 0x77c03000 	C:\Program Files (x86)\Java\jdk1.8.0_231\jre\bin\api-ms-win-crt-conio-l1-1-0.dll
0x77bf0000 - 0x77bf4000 	C:\Program Files (x86)\Java\jdk1.8.0_231\jre\bin\api-ms-win-crt-convert-l1-1-0.dll
0x77be0000 - 0x77be3000 	C:\Program Files (x86)\Java\jdk1.8.0_231\jre\bin\api-ms-win-crt-environment-l1-1-0.dll
0x77b90000 - 0x77b93000 	C:\Program Files (x86)\Java\jdk1.8.0_231\jre\bin\api-ms-win-crt-filesystem-l1-1-0.dll
0x77b80000 - 0x77b83000 	C:\Program Files (x86)\Java\jdk1.8.0_231\jre\bin\api-ms-win-crt-heap-l1-1-0.dll
0x7ae10000 - 0x7ae13000 	C:\Program Files (x86)\Java\jdk1.8.0_231\jre\bin\api-ms-win-crt-locale-l1-1-0.dll
0x79970000 - 0x79975000 	C:\Program Files (x86)\Java\jdk1.8.0_231\jre\bin\api-ms-win-crt-math-l1-1-0.dll
0x79980000 - 0x79985000 	C:\Program Files (x86)\Java\jdk1.8.0_231\jre\bin\api-ms-win-crt-multibyte-l1-1-0.dll
0x7baa0000 - 0x7bab0000 	C:\Program Files (x86)\Java\jdk1.8.0_231\jre\bin\api-ms-win-crt-private-l1-1-0.dll
0x7bab0000 - 0x7bab3000 	C:\Program Files (x86)\Java\jdk1.8.0_231\jre\bin\api-ms-win-crt-process-l1-1-0.dll
0x7bac0000 - 0x7bac4000 	C:\Program Files (x86)\Java\jdk1.8.0_231\jre\bin\api-ms-win-crt-runtime-l1-1-0.dll
0x7bad0000 - 0x7bad4000 	C:\Program Files (x86)\Java\jdk1.8.0_231\jre\bin\api-ms-win-crt-stdio-l1-1-0.dll
0x7bae0000 - 0x7bae4000 	C:\Program Files (x86)\Java\jdk1.8.0_231\jre\bin\api-ms-win-crt-string-l1-1-0.dll
0x7baf0000 - 0x7baf3000 	C:\Program Files (x86)\Java\jdk1.8.0_231\jre\bin\api-ms-win-crt-time-l1-1-0.dll
0x7bb00000 - 0x7bb03000 	C:\Program Files (x86)\Java\jdk1.8.0_231\jre\bin\api-ms-win-crt-utility-l1-1-0.dll
0x7bb10000 - 0x7bc33000 	C:\Program Files (x86)\Java\jdk1.8.0_231\jre\bin\ucrtbase.dll
0x7bc40000 - 0x7bc53000 	C:\Program Files (x86)\Java\jdk1.8.0_231\jre\bin\vcruntime140.dll
0x7bc60000 - 0x7bccf000 	C:\Program Files (x86)\Java\jdk1.8.0_231\jre\bin\msvcp140.dll
0x7bcd0000 - 0x7bd0c000 	C:\Program Files (x86)\Java\jdk1.8.0_231\jre\bin\concrt140.dll
0x69a80000 - 0x69c0f000 	C:\WINDOWS\SYSTEM32\dbghelp.dll

VM Arguments:
jvm_args: -javaagent:C:\Program Files\JetBrains\IntelliJ IDEA Community Edition 2019.2.3\lib\idea_rt.jar=55600:C:\Program Files\JetBrains\IntelliJ IDEA Community Edition 2019.2.3\bin -Dfile.encoding=UTF-8 
java_command: sample.Main
java_class_path (initial): C:\Program Files (x86)\Java\jdk1.8.0_231\jre\lib\charsets.jar;C:\Program Files (x86)\Java\jdk1.8.0_231\jre\lib\deploy.jar;C:\Program Files (x86)\Java\jdk1.8.0_231\jre\lib\ext\access-bridge-32.jar;C:\Program Files (x86)\Java\jdk1.8.0_231\jre\lib\ext\cldrdata.jar;C:\Program Files (x86)\Java\jdk1.8.0_231\jre\lib\ext\dnsns.jar;C:\Program Files (x86)\Java\jdk1.8.0_231\jre\lib\ext\jaccess.jar;C:\Program Files (x86)\Java\jdk1.8.0_231\jre\lib\ext\jfxrt.jar;C:\Program Files (x86)\Java\jdk1.8.0_231\jre\lib\ext\localedata.jar;C:\Program Files (x86)\Java\jdk1.8.0_231\jre\lib\ext\nashorn.jar;C:\Program Files (x86)\Java\jdk1.8.0_231\jre\lib\ext\sunec.jar;C:\Program Files (x86)\Java\jdk1.8.0_231\jre\lib\ext\sunjce_provider.jar;C:\Program Files (x86)\Java\jdk1.8.0_231\jre\lib\ext\sunmscapi.jar;C:\Program Files (x86)\Java\jdk1.8.0_231\jre\lib\ext\sunpkcs11.jar;C:\Program Files (x86)\Java\jdk1.8.0_231\jre\lib\ext\zipfs.jar;C:\Program Files (x86)\Java\jdk1.8.0_231\jre\lib\javaws.jar;C:\Program Files (x86)\Java\jdk1.8.0_231\jre\lib\jce.jar;C:\Program Files (x86)\Java\jdk1.8.0_231\jre\lib\jfr.jar;C:\Program Files (x86)\Java\jdk1.8.0_231\jre\lib\jfxswt.jar;C:\Program Files (x86)\Java\jdk1.8.0_231\jre\lib\jsse.jar;C:\Program Files (x86)\Java\jdk1.8.0_231\jre\lib\management-agent.jar;C:\Program Files (x86)\Java\jdk1.8.0_231\jre\lib\plugin.jar;C:\Program Files (x86)\Java\jdk1.8.0_231\jre\lib\resources.jar;C:\Program Files (x86)\Java\jdk1.8.0_231\jre\lib\rt.jar;C:\Users\boxer\Desktop\Random Student Selector\out\production\Random Student Selector;C:\Users\boxer\Desktop\Random Student Selector\src\sample\bin\activation-1.1.1.jar;C:\Users\boxer\Desktop\Random Student Selector\src\sample\bin\commons-codec-1.13.jar;C:\Users\boxer\Desktop\Random Student Selector\src\sample\bin\commons-collections4-4.4.jar;C:\Users\boxer\Desktop\Random Student Selector\src\sample\bin\commons-compress-1.19.jar;C:\Users\boxer\Desktop\Random Student Selector\src\sample\bin\commons-logging-
Launcher Type: SUN_STANDARD

Environment Variables:
JAVA_HOME=C:\Program Files (x86)\Java\jdk1.8.0_231
PATH=C:\Program Files (x86)\Common Files\Oracle\Java\javapath;C:\Program Files\Oculus\Support\oculus-runtime;C:\Program Files (x86)\Java\jdk1.8.0_231\bin;C:\Users\boxer\AppData\Local\Microsoft\WindowsApps;
USERNAME=boxer
OS=Windows_NT
PROCESSOR_IDENTIFIER=AMD64 Family 23 Model 113 Stepping 0, AuthenticAMD



---------------  S Y S T E M  ---------------

OS: Windows 10.0 , 64 bit Build 18362 (10.0.18362.329)

CPU:total 12 (initial active 12) (12 cores per cpu, 1 threads per core) family 23 model 113 stepping 0, cmov, cx8, fxsr, mmx, sse, sse2, sse3, ssse3, sse4.1, sse4.2, popcnt, avx, avx2, aes, clmul, mmxext, 3dnowpref, lzcnt, sse4a, tsc, tscinvbit, tscinv, bmi1

Memory: 4k page, physical 16706868k(8522812k free), swap 19328308k(4806708k free)

vm_info: Java HotSpot(TM) Client VM (25.231-b11) for windows-x86 JRE (1.8.0_231-b11), built on Oct  5 2019 03:23:31 by "java_re" with MS VC++ 10.0 (VS2010)

time: Thu Feb 06 21:15:11 2020
timezone: Eastern Standard Time
elapsed time: 0 seconds (0d 0h 0m 0s)

